<?xml version="1.0" encoding="UTF-8"?>
<testsuite xmlns:xsi="http://www.w3.org/2001/XMLSchema-instance" xsi:schemaLocation="https://maven.apache.org/surefire/maven-surefire-plugin/xsd/surefire-test-report.xsd" name="TestClass" time="5.978" tests="2" errors="2" skipped="0" failures="0">
  <properties>
[...]
</properties>
  <testcase name="test" classname="TestClass" time="5.978">
    <error message="Error forwarding the new session Request timed out waiting for a node to become available.&#10;Command duration or timeout: 5.26 seconds&#10;Build info: version: &apos;2.53.0&apos;, revision: &apos;35ae25b1534ae328c771e0856c93e187490ca824&apos;, time: &apos;2016-03-15 10:43:46&apos;&#10;System info: host: &apos;Dmitry-Dubtsov.local&apos;, ip: &apos;192.168.10.156&apos;, os.name: &apos;Mac OS X&apos;, os.arch: &apos;x86_64&apos;, os.version: &apos;10.10.5&apos;, java.version: &apos;1.8.0_65&apos;&#10;Driver info: org.openqa.selenium.remote.RemoteWebDriver" type="org.openqa.selenium.WebDriverException">org.openqa.selenium.WebDriverException: 
Error forwarding the new session Request timed out waiting for a node to become available.
Command duration or timeout: 5.26 seconds
Build info: version: '2.53.0', revision: '35ae25b1534ae328c771e0856c93e187490ca824', time: '2016-03-15 10:43:46'
System info: host: 'Dmitry-Dubtsov.local', ip: '192.168.10.156', os.name: 'Mac OS X', os.arch: 'x86_64', os.version: '10.10.5', java.version: '1.8.0_65'
Driver info: org.openqa.selenium.remote.RemoteWebDriver
	at TestClass.test(TestClass.java:25)
Caused by: org.openqa.selenium.WebDriverException: 
Error forwarding the new session Request timed out waiting for a node to become available.
Build info: version: '2.53.0', revision: '35ae25b1534ae328c771e0856c93e187490ca824', time: '2016-03-15 10:43:46'
System info: host: 'Dmitry-Dubtsov.local', ip: '192.168.10.156', os.name: 'Mac OS X', os.arch: 'x86_64', os.version: '10.10.5', java.version: '1.8.0_65'
Driver info: driver.version: unknown
</error>
  </testcase>
  <testcase name="test" classname="TestClass" time="0">
    <error type="java.lang.NullPointerException">java.lang.NullPointerException
	at TestClass.after(TestClass.java:32)
</error>
  </testcase>
</testsuite>